[0m20:09:03.589194 [debug] [MainThread]: Sending event: {'category': 'dbt', 'action': 'invocation', 'label': 'start', 'context': [<snowplow_tracker.self_describing_json.SelfDescribingJson object at 0x79be6d5d2570>, <snowplow_tracker.self_describing_json.SelfDescribingJson object at 0x79be6e82b140>, <snowplow_tracker.self_describing_json.SelfDescribingJson object at 0x79be6d5973b0>]}


============================== 20:09:03.594928 | 7ce7506a-a06c-4bbc-88eb-8ee6d7048030 ==============================
[0m20:09:03.594928 [info ] [MainThread]: Running with dbt=1.9.0
[0m20:09:03.595735 [debug] [MainThread]: running dbt with arguments {'printer_width': '80', 'indirect_selection': 'eager', 'log_cache_events': 'False', 'write_json': 'True', 'partial_parse': 'True', 'cache_selected_only': 'False', 'profiles_dir': '/home/codespace/.dbt', 'debug': 'False', 'version_check': 'True', 'log_path': 'logs', 'warn_error': 'None', 'fail_fast': 'False', 'use_colors': 'True', 'use_experimental_parser': 'False', 'no_print': 'None', 'quiet': 'False', 'empty': 'None', 'warn_error_options': 'WarnErrorOptions(include=[], exclude=[])', 'introspect': 'True', 'log_format': 'default', 'static_parser': 'True', 'target_path': 'None', 'invocation_command': 'dbt init', 'send_anonymous_usage_stats': 'True'}
[0m20:09:04.191582 [warn ] [MainThread]: [ConfigFolderDirectory]: Unable to parse logging event dictionary. Failed to parse dir field: expected string or bytes-like object, got 'PosixPath'.. Dictionary: {'dir': PosixPath('/home/codespace/.dbt')}
[0m20:09:04.192183 [info ] [MainThread]: Creating dbt configuration folder at 
[0m20:09:23.724546 [debug] [MainThread]: Starter project path: /home/codespace/.python/current/lib/python3.12/site-packages/dbt/include/starter_project
[0m20:09:23.732887 [info ] [MainThread]: 
Your new dbt project "ny_taxi" was created!

For more information on how to configure the profiles.yml file,
please consult the dbt documentation here:

  https://docs.getdbt.com/docs/configure-your-profile

One more thing:

Need help? Don't hesitate to reach out to us via GitHub issues or on Slack:

  https://community.getdbt.com/

Happy modeling!

[0m20:09:23.734402 [info ] [MainThread]: Setting up your profile.
[0m20:11:21.826880 [info ] [MainThread]: Profile ny_taxi written to /home/codespace/.dbt/profiles.yml using target's profile_template.yml and your supplied values. Run 'dbt debug' to validate the connection.
[0m20:11:21.828810 [debug] [MainThread]: Resource report: {"command_name": "init", "command_success": true, "command_wall_clock_time": 138.29846, "process_in_blocks": "180632", "process_kernel_time": 0.389742, "process_mem_max_rss": "202296", "process_out_blocks": "80", "process_user_time": 2.078625}
[0m20:11:21.829514 [debug] [MainThread]: Command `dbt init` succeeded at 20:11:21.829391 after 138.30 seconds
[0m20:11:21.830005 [debug] [MainThread]: Sending event: {'category': 'dbt', 'action': 'invocation', 'label': 'end', 'context': [<snowplow_tracker.self_describing_json.SelfDescribingJson object at 0x79be6cd44470>, <snowplow_tracker.self_describing_json.SelfDescribingJson object at 0x79be5c365f40>, <snowplow_tracker.self_describing_json.SelfDescribingJson object at 0x79be5c0e20c0>]}
[0m20:11:21.830529 [debug] [MainThread]: Flushing usage events
[0m20:11:22.168789 [debug] [MainThread]: An error was encountered while trying to flush usage events
